[01-Aug-2024 03:35:14 UTC] PHP Fatal error:  Maximum execution time of 120 seconds exceeded in C:\xampp\htdocs\practice\wp-includes\Requests\src\Transport\Curl.php on line 534
[01-Aug-2024 03:37:55 UTC] PHP Fatal error:  Maximum execution time of 120 seconds exceeded in C:\xampp\htdocs\practice\wp-includes\Requests\src\Transport\Curl.php on line 534
[01-Aug-2024 03:38:23 UTC] PHP Fatal error:  Maximum execution time of 120 seconds exceeded in C:\xampp\htdocs\practice\wp-includes\Requests\src\Transport\Curl.php on line 534
[01-Aug-2024 03:43:23 UTC] PHP Warning:  wp_update_themes(): An unexpected error occurred. Something may be wrong with WordPress.org or this server&#8217;s configuration. If you continue to have problems, please try the <a href="https://wordpress.org/support/forums/">support forums</a>. (WordPress could not establish a secure connection to WordPress.org. Please contact your server administrator.) in C:\xampp\htdocs\practice\wp-includes\functions.php on line 6085
[01-Aug-2024 15:49:28 UTC] Automatic updates starting...
[01-Aug-2024 15:49:38 UTC] PHP Warning:  wp_update_plugins(): An unexpected error occurred. Something may be wrong with WordPress.org or this server&#8217;s configuration. If you continue to have problems, please try the <a href="https://wordpress.org/support/forums/">support forums</a>. (WordPress could not establish a secure connection to WordPress.org. Please contact your server administrator.) in C:\xampp\htdocs\practice\wp-includes\functions.php on line 6085
[01-Aug-2024 15:49:49 UTC] PHP Warning:  wp_update_themes(): An unexpected error occurred. Something may be wrong with WordPress.org or this server&#8217;s configuration. If you continue to have problems, please try the <a href="https://wordpress.org/support/forums/">support forums</a>. (WordPress could not establish a secure connection to WordPress.org. Please contact your server administrator.) in C:\xampp\htdocs\practice\wp-includes\functions.php on line 6085
[01-Aug-2024 15:49:53 UTC] Automatic updates complete.
[01-Aug-2024 16:32:39 UTC] Automatic updates starting...
[01-Aug-2024 16:32:39 UTC] Automatic updates complete.
[01-Aug-2024 18:30:16 UTC] PHP Fatal error:  Uncaught TypeError: call_user_func_array(): Argument #1 ($callback) must be a valid callback, function "word-count-activation" not found or invalid function name in C:\xampp\htdocs\practice\wp-includes\class-wp-hook.php:324
Stack trace:
#0 C:\xampp\htdocs\practice\wp-includes\class-wp-hook.php(348): WP_Hook->apply_filters('', Array)
#1 C:\xampp\htdocs\practice\wp-includes\plugin.php(517): WP_Hook->do_action(Array)
#2 C:\xampp\htdocs\practice\wp-admin\includes\plugin.php(703): do_action('activate_word-c...', false)
#3 C:\xampp\htdocs\practice\wp-admin\plugins.php(60): activate_plugin('word-count/word...', 'http://localhos...', false)
#4 {main}
  thrown in C:\xampp\htdocs\practice\wp-includes\class-wp-hook.php on line 324
[01-Aug-2024 18:30:31 UTC] PHP Fatal error:  Uncaught TypeError: call_user_func_array(): Argument #1 ($callback) must be a valid callback, function "word-count-activation" not found or invalid function name in C:\xampp\htdocs\practice\wp-includes\class-wp-hook.php:324
Stack trace:
#0 C:\xampp\htdocs\practice\wp-includes\class-wp-hook.php(348): WP_Hook->apply_filters('', Array)
#1 C:\xampp\htdocs\practice\wp-includes\plugin.php(517): WP_Hook->do_action(Array)
#2 C:\xampp\htdocs\practice\wp-admin\includes\plugin.php(703): do_action('activate_word-c...', false)
#3 C:\xampp\htdocs\practice\wp-admin\plugins.php(60): activate_plugin('word-count/word...', 'http://localhos...', false)
#4 {main}
  thrown in C:\xampp\htdocs\practice\wp-includes\class-wp-hook.php on line 324
[01-Aug-2024 18:30:55 UTC] PHP Fatal error:  Uncaught TypeError: call_user_func_array(): Argument #1 ($callback) must be a valid callback, function "word-count-activation" not found or invalid function name in C:\xampp\htdocs\practice\wp-includes\class-wp-hook.php:324
Stack trace:
#0 C:\xampp\htdocs\practice\wp-includes\class-wp-hook.php(348): WP_Hook->apply_filters('', Array)
#1 C:\xampp\htdocs\practice\wp-includes\plugin.php(517): WP_Hook->do_action(Array)
#2 C:\xampp\htdocs\practice\wp-admin\includes\plugin.php(703): do_action('activate_word-c...', false)
#3 C:\xampp\htdocs\practice\wp-admin\plugins.php(60): activate_plugin('word-count/word...', 'http://localhos...', false)
#4 {main}
  thrown in C:\xampp\htdocs\practice\wp-includes\class-wp-hook.php on line 324
[01-Aug-2024 18:33:12 UTC] PHP Parse error:  syntax error, unexpected token "-", expecting "(" in C:\xampp\htdocs\practice\wp-content\plugins\word-count\word-count.php on line 18
[01-Aug-2024 18:33:32 UTC] PHP Parse error:  syntax error, unexpected token "-", expecting "(" in C:\xampp\htdocs\practice\wp-content\plugins\word-count\word-count.php on line 18
[01-Aug-2024 18:35:51 UTC] PHP Parse error:  syntax error, unexpected token "-", expecting "(" in C:\xampp\htdocs\practice\wp-content\plugins\word-count\word-count.php on line 19
[01-Aug-2024 18:36:32 UTC] PHP Parse error:  syntax error, unexpected token "-", expecting "(" in C:\xampp\htdocs\practice\wp-content\plugins\word-count\word-count.php on line 19
[01-Aug-2024 18:36:34 UTC] PHP Parse error:  syntax error, unexpected token "-", expecting "(" in C:\xampp\htdocs\practice\wp-content\plugins\word-count\word-count.php on line 19
[01-Aug-2024 18:37:01 UTC] PHP Parse error:  syntax error, unexpected token "-", expecting "(" in C:\xampp\htdocs\practice\wp-content\plugins\word-count\word-count.php on line 19
[01-Aug-2024 18:37:16 UTC] PHP Parse error:  syntax error, unexpected token "-", expecting "(" in C:\xampp\htdocs\practice\wp-content\plugins\word-count\word-count.php on line 21
[01-Aug-2024 18:39:14 UTC] PHP Deprecated:  str_replace(): Passing null to parameter #3 ($subject) of type array|string is deprecated in C:\xampp\htdocs\practice\wp-includes\formatting.php on line 5698
[01-Aug-2024 18:42:55 UTC] PHP Deprecated:  str_replace(): Passing null to parameter #3 ($subject) of type array|string is deprecated in C:\xampp\htdocs\practice\wp-includes\formatting.php on line 5698
[01-Aug-2024 18:43:02 UTC] PHP Deprecated:  str_replace(): Passing null to parameter #3 ($subject) of type array|string is deprecated in C:\xampp\htdocs\practice\wp-includes\formatting.php on line 5698
[01-Aug-2024 18:43:03 UTC] PHP Deprecated:  str_replace(): Passing null to parameter #3 ($subject) of type array|string is deprecated in C:\xampp\htdocs\practice\wp-includes\formatting.php on line 5698
[01-Aug-2024 18:44:27 UTC] PHP Warning:  Undefined variable $<p>Welcome to WordPress. This is your first post. Edit or delete it, then start writing!</p>
 in C:\xampp\htdocs\practice\wp-content\plugins\word-count\word-count.php on line 24
[01-Aug-2024 18:45:37 UTC] PHP Parse error:  syntax error, unexpected token "=" in C:\xampp\htdocs\practice\wp-content\plugins\word-count\word-count.php on line 25
[01-Aug-2024 18:45:50 UTC] PHP Parse error:  syntax error, unexpected token "=" in C:\xampp\htdocs\practice\wp-content\plugins\word-count\word-count.php on line 25
[01-Aug-2024 18:47:18 UTC] PHP Parse error:  syntax error, unexpected token "=" in C:\xampp\htdocs\practice\wp-content\plugins\word-count\word-count.php on line 25
